[PREINITIALIZATION][CLIENT][INFO] Thank you to the Patreon supporters below and others who make CraftTweaker possible!
Ncc1702
Lucas
embeddedt
Jordan Pineo
Quaternary
Ivy_
Spencer Gilbert
Belathus
Jessie Sims
Hooley
Zuniroa
Pongo Sapiens
Genryu
Jellycraft
DreamThorn
NickT
NerdyWhiteGuy
Jonathan McManus
Peregrinus11
If you want to support the mod, checkout https://patreon.com/jaredlll08?s=crtmod

[PREINITIALIZATION][CLIENT][TRACE] Current loaders after merging: [[preinit]]
[PREINITIALIZATION][CLIENT][INFO] Loading scripts for loader with names [preinit]
[PREINITIALIZATION][CLIENT][INFO] ikwid preprocessor is found in 模块化机械.zs, warnings and errors aren't printed to the players' chat.
