[17:47:28] [Client thread/INFO] [JMLogger] JourneyMap log initialized.
[17:47:28] [Client thread/INFO] [JourneymapClient] initialize ENTER
[17:47:28] [Client thread/INFO] [?] Version: JourneyMap 1.12.2-5.7.1p2, built with Forge 14.23.5.2768
Forge: 14.23.5.2859
Environment: os.name, os.arch, java.version, user.country, user.language=null, game language=zh_cn, locale=zh_cn
Features: 
	RadarPlayers : singleplayer = true , multiplayer = true
	RadarAnimals : singleplayer = true , multiplayer = true
	RadarMobs : singleplayer = true , multiplayer = true
	RadarVillagers : singleplayer = true , multiplayer = true
	MapTopo : singleplayer = true , multiplayer = true
	MapSurface : singleplayer = true , multiplayer = true
	MapCaves : singleplayer = true , multiplayer = true
MiniMapProperties{state=Valid, file=journeymap.minimap.config, configVersion=5.7.1p2, zoomLevel=0, showPlayers=true, frameAlpha=100, compassFontScale=2, terrainAlpha=100, showEntityNames=true, enabled=true, showPlayerHeading=true, showVillagers=true, info2Label=游戏时间, sizePercent=30, showDayNight=true, info3Label=位置, showMobs=true, showPets=true, preferredMapType=day, showCompass=true, mobDisplay=小圆点, showReticle=true, orientation=北, systemTimeRealFormat=HH:mm:ss, shape=圆形, showSelf=true, info4Label=生物群系, locationFormat=xzyv, playerDisplay=小圆点, showGrid=true, reticleOrientation=罗盘模式, gameTimeRealFormat=HH:mm:ss, showWaypoints=true, showCaves=true, showAnimals=true, showMobHeading=true, showWaypointLabels=true, locationFormatVerbose=true, position=屏幕右上, info1Label=空, fontScale=2}
MiniMapProperties{state=Valid, file=journeymap.minimap2.config, configVersion=5.7.1p2, zoomLevel=0, showPlayers=true, frameAlpha=100, compassFontScale=2, terrainAlpha=100, showEntityNames=true, enabled=true, showPlayerHeading=true, showVillagers=true, info2Label=游戏时间, sizePercent=30, showDayNight=true, info3Label=位置, showMobs=true, showPets=true, preferredMapType=day, showCompass=true, mobDisplay=小圆点, showReticle=true, orientation=北, systemTimeRealFormat=HH:mm:ss, shape=矩形, showSelf=true, info4Label=生物群系, locationFormat=xzyv, playerDisplay=小圆点, showGrid=true, reticleOrientation=罗盘模式, gameTimeRealFormat=HH:mm:ss, showWaypoints=true, showCaves=true, showAnimals=true, showMobHeading=true, showWaypointLabels=true, locationFormatVerbose=true, position=屏幕右上, info1Label=空, fontScale=2}
FullMapProperties{state=Valid, file=journeymap.fullmap.config, configVersion=5.7.1p2, mobDisplay=小圆点, zoomLevel=0, showPlayers=true, showSelf=true, locationFormat=xzyv, playerDisplay=小圆点, showGrid=true, showEntityNames=true, showPlayerHeading=true, showVillagers=true, showWaypoints=true, showCaves=true, showAnimals=false, showMobHeading=true, showKeys=true, showWaypointLabels=true, locationFormatVerbose=true, showMobs=true, showPets=true, fontScale=2, preferredMapType=day}
WaypointProperties{state=Valid, file=journeymap.waypoint.config, configVersion=5.7.1p2, autoRemoveDeathpointDistance=2, createDeathpoints=true, showName=true, dateFormat=MM-dd-yyyy, autoRemoveDeathpoints=false, maxDistance=0, autoHideLabel=true, teleportCommand=/tp {name} {x} {y} {z}, showStaticBeam=true, minDistance=4, timeFormat=HH:mm:ss, boldLabel=false, textureSmall=true, showDeathpointlabel=true, showDistance=true, showRotatingBeam=true, fontScale=2, showTexture=true, managerEnabled=true, beaconEnabled=true}
WebMapProperties{state=Valid, file=journeymap.webmap.config, configVersion=5.7.1p2, zoomLevel=0, showWaypoints=true, showCaves=true, showSelf=true, port=8080, showGrid=true, showEntityNames=true, enabled=false, preferredMapType=day}
CoreProperties{state=Valid, file=journeymap.core.config, configVersion=5.7.1p2, verboseColorPalette=false, maxPlayersData=32, mapSurfaceAboveCaves=true, optionsManagerViewed=5.7.1p2, announceMod=true, colorPassive=#bbbbbb, renderOverlayEventTypeName=ALL, mapBlendWater=false, renderDistanceSurfaceMax=7, radarVerticalDistance=16, mapBlendGrass=true, recordCacheStats=false, hideSneakingEntities=true, revealShape=圆形, alwaysMapSurface=false, colorVillager=#88e188, mapPlants=false, colorPet=#0077ff, radarLateralDistance=64, mapBathymetry=false, mapCrops=true, maxMobsData=32, mapPlantShadows=false, alwaysMapCaves=false, checkUpdates=false, browserPoll=2000, mapBlendFoliage=true, mappingEnabled=true, colorPlayer=#ffffff, tileHighDisplayQuality=true, cacheVillagersData=2200, logLevel=INFO, maxVillagersData=32, maxAnimalsData=32, mapTransparency=true, tileRenderType=1, caveIgnoreGlass=true, mapTopography=true, renderDistanceCaveMax=3, mapAntialiasing=true, colorSelf=#0000ff, cachePlayersData=2000, cacheMobsData=3000, cachePlayerData=1000, splashViewed=5.7.1p2, colorHostile=#ff0000, cacheAnimalsData=3100, themeName=OceanMonument, mapCaveLighting=true, renderDelay=2, renderOverlayPreEvent=true, autoMapPoll=2000}
[17:47:28] [Client thread/INFO] [ClientAPI] [ClientAPI] built with JourneyMap API 1.4
[17:47:28] [Client thread/INFO] [PluginHelper] Initializing plugins with Client API: journeymap.client.api.impl.ClientAPI
[17:47:28] [Client thread/INFO] [PluginHelper] Initialized IClientPlugin: com.feed_the_beast.ftbutilities.integration.JourneyMapIntegration
[17:47:28] [Client thread/INFO] [PluginHelper] Initialized IClientPlugin: youyihj.zenutils.impl.util.JourneyMapPlugin
[17:47:28] [Client thread/INFO] [PluginHelper] Initialized IClientPlugin: com.teamacronymcoders.base.modules.journeymap.JourneyMapPlugin
[17:47:28] [Client thread/INFO] [JourneymapClient] initialize EXIT, elapsed count 0 avg 17ms
[17:47:56] [Client thread/INFO] [IconSetFileHandler] Added entity icons from journeymap:icon/entity. Success: false
[17:47:57] [Client thread/INFO] [ThemeLoader] Preloaded theme textures: 73
[17:47:57] [Client thread/INFO] [VersionCheck] Update check disabled in properties file.
[17:58:56] [Client thread/INFO] [WaypointStore] Loaded 0 waypoints from D:\Users\Documents\Github\LMYSKY\.minecraft\versions\LMYSKY0.1.4.6\journeymap\data\sp\新的水晶花园\waypoints
[17:58:56] [Client thread/INFO] [JourneymapClient] Mapping started in D:\Users\Documents\Github\LMYSKY\.minecraft\versions\LMYSKY0.1.4.6\journeymap\data\sp\新的水晶花园\DIM0. Memory: 2860MB total, 637MB free 
[17:58:56] [Client thread/INFO] [ChatLog] 旅行地图： 按下[J]键
[17:59:20] [Client thread/INFO] [JourneymapClient] Mapping halted in D:\Users\Documents\Github\LMYSKY\.minecraft\versions\LMYSKY0.1.4.6\journeymap\data\sp\新的水晶花园\DIM0
[18:00:41] [Client thread/INFO] [WaypointStore] Loaded 0 waypoints from D:\Users\Documents\Github\LMYSKY\.minecraft\versions\LMYSKY0.1.4.6\journeymap\data\sp\新的水晶花园\waypoints
[18:00:41] [Client thread/INFO] [JourneymapClient] Mapping started in D:\Users\Documents\Github\LMYSKY\.minecraft\versions\LMYSKY0.1.4.6\journeymap\data\sp\新的水晶花园\DIM0. Memory: 2860MB total, 566MB free 
[19:25:17] [Client thread/INFO] [JourneymapClient] Mapping halted in D:\Users\Documents\Github\LMYSKY\.minecraft\versions\LMYSKY0.1.4.6\journeymap\data\sp\新的水晶花园\DIM0
